<?xml version="1.0" encoding="UTF-8"?>
<!-- Generated by org.testng.reporters.JUnitReportReporter -->
<testsuite hostname="2G53N13" failures="0" tests="3" name="testng.BaseTest" time="8.835" errors="0" timestamp="2022-11-10T15:53:23 IST" skipped="0">
  <testcase classname="testng.BaseTest" name="validateSubTotal" time="7.997"/>
  <system-out/>
  <testcase classname="testng.BaseTest" name="listOfDatahavingRunmodeY" time="0.635"/>
  <system-out/>
  <testcase classname="testng.BaseTest" name="readDataTest" time="0.203"/>
  <system-out/>
</testsuite> <!-- testng.BaseTest -->
