<?xml version="1.0" encoding="UTF-8"?>
<!-- Generated by org.testng.reporters.JUnitReportReporter -->
<testsuite hostname="2G53N13" failures="0" tests="3" name="utilities.TestParameterization" time="0.008" errors="0" timestamp="2022-10-07T13:05:53 IST" skipped="0">
  <testcase classname="utilities.TestParameterization" name="testData" time="0.001"/>
  <system-out/>
  <testcase classname="utilities.TestParameterization" name="testData" time="0.006"/>
  <system-out/>
  <testcase classname="utilities.TestParameterization" name="testData" time="0.001"/>
  <system-out/>
</testsuite> <!-- utilities.TestParameterization -->
