<?xml version="1.0" encoding="UTF-8"?>
<!-- Generated by org.testng.reporters.JUnitReportReporter -->
<testsuite hostname="2G53N13" failures="0" tests="1" name="validateStatusCode" time="1.793" errors="0" timestamp="2022-09-28T18:02:56 IST" skipped="0">
  <testcase classname="validateStatusCode" name="validate" time="1.793"/>
  <system-out/>
</testsuite> <!-- validateStatusCode -->
