<?xml version="1.0" encoding="UTF-8"?>
<!-- Generated by org.testng.reporters.JUnitReportReporter -->
<testsuite hostname="2G53N13" failures="0" tests="1" name="SendGetRequestUsingRestAssuredTest" time="3.825" errors="0" timestamp="2022-09-26T12:27:09 IST" skipped="0">
  <testcase classname="SendGetRequestUsingRestAssuredTest" name="get" time="3.825"/>
  <system-out/>
</testsuite> <!-- SendGetRequestUsingRestAssuredTest -->
