<?xml version="1.0" encoding="UTF-8"?>
<!-- Generated by org.testng.reporters.JUnitReportReporter -->
<testsuite hostname="2G53N13" failures="0" tests="1" name="GetName" time="3.265" errors="0" timestamp="2022-09-27T10:35:20 IST" skipped="0">
  <testcase classname="GetName" name="get" time="3.265"/>
  <system-out/>
</testsuite> <!-- GetName -->
