<?xml version="1.0" encoding="UTF-8"?>
<!-- Generated by org.testng.reporters.JUnitReportReporter -->
<testsuite hostname="2G53N13" failures="0" tests="2" name="SendPostRequestUsingRestAsssuredTest" time="3.135" errors="0" timestamp="2022-09-26T11:03:27 IST" skipped="0">
  <testcase classname="SendPostRequestUsingRestAsssuredTest" name="post" time="0.749"/>
  <system-out/>
  <testcase classname="SendPostRequestUsingRestAsssuredTest" name="get" time="2.386"/>
  <system-out/>
</testsuite> <!-- SendPostRequestUsingRestAsssuredTest -->
