<?xml version="1.0" encoding="UTF-8"?>
<!-- Generated by org.testng.reporters.JUnitReportReporter -->
<testsuite hostname="2G53N13" failures="0" tests="1" name="testcases.printAllHeaders" time="1.265" errors="0" timestamp="2022-12-05T15:26:20 IST" skipped="0">
  <testcase classname="testcases.printAllHeaders" name="getWeathersDetails" time="1.265"/>
  <system-out/>
</testsuite> <!-- testcases.printAllHeaders -->
